2022-04-12 23:21:24,230 [http-nio-8080-exec-7] ERROR [com.zhy.controller.IndexControl] - pageName [visitorVolume] get visitor num exception
org.springframework.data.redis.connection.PoolException: Could not get a resource from the pool; nested exception is io.lettuce.core.RedisConnectionException: Unable to connect to localhost:6379
	at org.springframework.data.redis.connection.lettuce.LettucePoolingConnectionProvider.getConnection(LettucePoolingConnectionProvider.java:86) ~[spring-data-redis-2.0.5.RELEASE.jar:2.0.5.RELEASE]
	at org.springframework.data.redis.connection.lettuce.LettuceConnectionFactory$SharedConnection.getNativeConnection(LettuceConnectionFactory.java:957) ~[spring-data-redis-2.0.5.RELEASE.jar:2.0.5.RELEASE]
	at org.springframework.data.redis.connection.lettuce.LettuceConnectionFactory$SharedConnection.getConnection(LettuceConnectionFactory.java:932) ~[spring-data-redis-2.0.5.RELEASE.jar:2.0.5.RELEASE]
	at org.springframework.data.redis.connection.lettuce.LettuceConnectionFactory.getSharedConnection(LettuceConnectionFactory.java:785) ~[spring-data-redis-2.0.5.RELEASE.jar:2.0.5.RELEASE]
	at org.springframework.data.redis.connection.lettuce.LettuceConnectionFactory.getConnection(LettuceConnectionFactory.java:299) ~[spring-data-redis-2.0.5.RELEASE.jar:2.0.5.RELEASE]
	at org.springframework.data.redis.core.RedisConnectionUtils.doGetConnection(RedisConnectionUtils.java:132) ~[spring-data-redis-2.0.5.RELEASE.jar:2.0.5.RELEASE]
	at org.springframework.data.redis.core.RedisConnectionUtils.getConnection(RedisConnectionUtils.java:95) ~[spring-data-redis-2.0.5.RELEASE.jar:2.0.5.RELEASE]
	at org.springframework.data.redis.core.RedisConnectionUtils.getConnection(RedisConnectionUtils.java:82) ~[spring-data-redis-2.0.5.RELEASE.jar:2.0.5.RELEASE]
	at org.springframework.data.redis.core.RedisTemplate.execute(RedisTemplate.java:211) ~[spring-data-redis-2.0.5.RELEASE.jar:2.0.5.RELEASE]
	at org.springframework.data.redis.core.RedisTemplate.execute(RedisTemplate.java:184) ~[spring-data-redis-2.0.5.RELEASE.jar:2.0.5.RELEASE]
	at org.springframework.data.redis.core.AbstractOperations.execute(AbstractOperations.java:95) ~[spring-data-redis-2.0.5.RELEASE.jar:2.0.5.RELEASE]
	at org.springframework.data.redis.core.DefaultHashOperations.hasKey(DefaultHashOperations.java:66) ~[spring-data-redis-2.0.5.RELEASE.jar:2.0.5.RELEASE]
	at com.zhy.redis.HashRedisServiceImpl.hasHashKey(HashRedisServiceImpl.java:113) ~[classes/:?]
	at com.zhy.service.RedisService.addVisitorNumOnRedis(RedisService.java:100) ~[classes/:?]
	at com.zhy.service.impl.VisitorServiceImpl.updatePageVisitor(VisitorServiceImpl.java:64) ~[classes/:?]
	at com.zhy.service.impl.VisitorServiceImpl.addVisitorNumByPageName(VisitorServiceImpl.java:44) ~[classes/:?]
	at com.zhy.controller.IndexControl.getVisitorNumByPageName(IndexControl.java:61) [classes/:?]
	at com.zhy.controller.IndexControl$$FastClassBySpringCGLIB$$c105c88d.invoke(<generated>) [classes/:?]
	at org.springframework.cglib.proxy.MethodProxy.invoke(MethodProxy.java:204) [spring-core-5.0.4.RELEASE.jar:5.0.4.RELEASE]
	at org.springframework.aop.framework.CglibAopProxy$CglibMethodInvocation.invokeJoinpoint(CglibAopProxy.java:747) [spring-aop-5.0.4.RELEASE.jar:5.0.4.RELEASE]
	at org.springframework.aop.framework.ReflectiveMethodInvocation.proceed(ReflectiveMethodInvocation.java:163) [spring-aop-5.0.4.RELEASE.jar:5.0.4.RELEASE]
	at org.springframework.aop.interceptor.ExposeInvocationInterceptor.invoke(ExposeInvocationInterceptor.java:92) [spring-aop-5.0.4.RELEASE.jar:5.0.4.RELEASE]
	at org.springframework.aop.framework.ReflectiveMethodInvocation.proceed(ReflectiveMethodInvocation.java:185) [spring-aop-5.0.4.RELEASE.jar:5.0.4.RELEASE]
	at org.springframework.aop.framework.CglibAopProxy$DynamicAdvisedInterceptor.intercept(CglibAopProxy.java:689) [spring-aop-5.0.4.RELEASE.jar:5.0.4.RELEASE]
	at com.zhy.controller.IndexControl$$EnhancerBySpringCGLIB$$7a5b659d.getVisitorNumByPageName(<generated>) [classes/:?]
	at jdk.internal.reflect.NativeMethodAccessorImpl.invoke0(Native Method) ~[?:?]
	at jdk.internal.reflect.NativeMethodAccessorImpl.invoke(NativeMethodAccessorImpl.java:62) ~[?:?]
	at jdk.internal.reflect.DelegatingMethodAccessorImpl.invoke(DelegatingMethodAccessorImpl.java:43) ~[?:?]
	at java.lang.reflect.Method.invoke(Method.java:567) ~[?:?]
	at org.springframework.web.method.support.InvocableHandlerMethod.doInvoke(InvocableHandlerMethod.java:209) [spring-web-5.0.4.RELEASE.jar:5.0.4.RELEASE]
	at org.springframework.web.method.support.InvocableHandlerMethod.invokeForRequest(InvocableHandlerMethod.java:136) [spring-web-5.0.4.RELEASE.jar:5.0.4.RELEASE]
	at org.springframework.web.servlet.mvc.method.annotation.ServletInvocableHandlerMethod.invokeAndHandle(ServletInvocableHandlerMethod.java:102) [spring-webmvc-5.0.4.RELEASE.jar:5.0.4.RELEASE]
	at org.springframework.web.servlet.mvc.method.annotation.RequestMappingHandlerAdapter.invokeHandlerMethod(RequestMappingHandlerAdapter.java:870) [spring-webmvc-5.0.4.RELEASE.jar:5.0.4.RELEASE]
	at org.springframework.web.servlet.mvc.method.annotation.RequestMappingHandlerAdapter.handleInternal(RequestMappingHandlerAdapter.java:776) [spring-webmvc-5.0.4.RELEASE.jar:5.0.4.RELEASE]
	at org.springframework.web.servlet.mvc.method.AbstractHandlerMethodAdapter.handle(AbstractHandlerMethodAdapter.java:87) [spring-webmvc-5.0.4.RELEASE.jar:5.0.4.RELEASE]
	at org.springframework.web.servlet.DispatcherServlet.doDispatch(DispatcherServlet.java:991) [spring-webmvc-5.0.4.RELEASE.jar:5.0.4.RELEASE]
	at org.springframework.web.servlet.DispatcherServlet.doService(DispatcherServlet.java:925) [spring-webmvc-5.0.4.RELEASE.jar:5.0.4.RELEASE]
	at org.springframework.web.servlet.FrameworkServlet.processRequest(FrameworkServlet.java:978) [spring-webmvc-5.0.4.RELEASE.jar:5.0.4.RELEASE]
	at org.springframework.web.servlet.FrameworkServlet.doGet(FrameworkServlet.java:870) [spring-webmvc-5.0.4.RELEASE.jar:5.0.4.RELEASE]
	at javax.servlet.http.HttpServlet.service(HttpServlet.java:635) [tomcat-embed-core-8.5.28.jar:8.5.28]
	at org.springframework.web.servlet.FrameworkServlet.service(FrameworkServlet.java:855) [spring-webmvc-5.0.4.RELEASE.jar:5.0.4.RELEASE]
	at javax.servlet.http.HttpServlet.service(HttpServlet.java:742) [tomcat-embed-core-8.5.28.jar:8.5.28]
	at org.apache.catalina.core.ApplicationFilterChain.internalDoFilter(ApplicationFilterChain.java:231) [tomcat-embed-core-8.5.28.jar:8.5.28]
	at org.apache.catalina.core.ApplicationFilterChain.doFilter(ApplicationFilterChain.java:166) [tomcat-embed-core-8.5.28.jar:8.5.28]
	at org.apache.tomcat.websocket.server.WsFilter.doFilter(WsFilter.java:52) [tomcat-embed-websocket-8.5.28.jar:8.5.28]
	at org.apache.catalina.core.ApplicationFilterChain.internalDoFilter(ApplicationFilterChain.java:193) [tomcat-embed-core-8.5.28.jar:8.5.28]
	at org.apache.catalina.core.ApplicationFilterChain.doFilter(ApplicationFilterChain.java:166) [tomcat-embed-core-8.5.28.jar:8.5.28]
	at com.alibaba.druid.support.http.WebStatFilter.doFilter(WebStatFilter.java:123) [druid-1.1.10.jar:1.1.10]
	at org.apache.catalina.core.ApplicationFilterChain.internalDoFilter(ApplicationFilterChain.java:193) [tomcat-embed-core-8.5.28.jar:8.5.28]
	at org.apache.catalina.core.ApplicationFilterChain.doFilter(ApplicationFilterChain.java:166) [tomcat-embed-core-8.5.28.jar:8.5.28]
	at org.springframework.security.web.FilterChainProxy$VirtualFilterChain.doFilter(FilterChainProxy.java:320) [spring-security-web-5.0.3.RELEASE.jar:5.0.3.RELEASE]
	at org.springframework.security.web.access.intercept.FilterSecurityInterceptor.invoke(FilterSecurityInterceptor.java:127) [spring-security-web-5.0.3.RELEASE.jar:5.0.3.RELEASE]
	at org.springframework.security.web.access.intercept.FilterSecurityInterceptor.doFilter(FilterSecurityInterceptor.java:91) [spring-security-web-5.0.3.RELEASE.jar:5.0.3.RELEASE]
	at org.springframework.security.web.FilterChainProxy$VirtualFilterChain.doFilter(FilterChainProxy.java:334) [spring-security-web-5.0.3.RELEASE.jar:5.0.3.RELEASE]
	at org.springframework.security.web.access.ExceptionTranslationFilter.doFilter(ExceptionTranslationFilter.java:119) [spring-security-web-5.0.3.RELEASE.jar:5.0.3.RELEASE]
	at org.springframework.security.web.FilterChainProxy$VirtualFilterChain.doFilter(FilterChainProxy.java:334) [spring-security-web-5.0.3.RELEASE.jar:5.0.3.RELEASE]
	at org.springframework.security.web.session.SessionManagementFilter.doFilter(SessionManagementFilter.java:137) [spring-security-web-5.0.3.RELEASE.jar:5.0.3.RELEASE]
	at org.springframework.security.web.FilterChainProxy$VirtualFilterChain.doFilter(FilterChainProxy.java:334) [spring-security-web-5.0.3.RELEASE.jar:5.0.3.RELEASE]
	at org.springframework.security.web.authentication.AnonymousAuthenticationFilter.doFilter(AnonymousAuthenticationFilter.java:111) [spring-security-web-5.0.3.RELEASE.jar:5.0.3.RELEASE]
	at org.springframework.security.web.FilterChainProxy$VirtualFilterChain.doFilter(FilterChainProxy.java:334) [spring-security-web-5.0.3.RELEASE.jar:5.0.3.RELEASE]
	at org.springframework.security.web.servletapi.SecurityContextHolderAwareRequestFilter.doFilter(SecurityContextHolderAwareRequestFilter.java:170) [spring-security-web-5.0.3.RELEASE.jar:5.0.3.RELEASE]
	at org.springframework.security.web.FilterChainProxy$VirtualFilterChain.doFilter(FilterChainProxy.java:334) [spring-security-web-5.0.3.RELEASE.jar:5.0.3.RELEASE]
	at org.springframework.security.web.savedrequest.RequestCacheAwareFilter.doFilter(RequestCacheAwareFilter.java:63) [spring-security-web-5.0.3.RELEASE.jar:5.0.3.RELEASE]
	at org.springframework.security.web.FilterChainProxy$VirtualFilterChain.doFilter(FilterChainProxy.java:334) [spring-security-web-5.0.3.RELEASE.jar:5.0.3.RELEASE]
	at org.springframework.security.web.authentication.AbstractAuthenticationProcessingFilter.doFilter(AbstractAuthenticationProcessingFilter.java:200) [spring-security-web-5.0.3.RELEASE.jar:5.0.3.RELEASE]
	at org.springframework.security.web.FilterChainProxy$VirtualFilterChain.doFilter(FilterChainProxy.java:334) [spring-security-web-5.0.3.RELEASE.jar:5.0.3.RELEASE]
	at org.springframework.security.web.authentication.logout.LogoutFilter.doFilter(LogoutFilter.java:116) [spring-security-web-5.0.3.RELEASE.jar:5.0.3.RELEASE]
	at org.springframework.security.web.FilterChainProxy$VirtualFilterChain.doFilter(FilterChainProxy.java:334) [spring-security-web-5.0.3.RELEASE.jar:5.0.3.RELEASE]
	at org.springframework.security.web.header.HeaderWriterFilter.doFilterInternal(HeaderWriterFilter.java:66) [spring-security-web-5.0.3.RELEASE.jar:5.0.3.RELEASE]
	at org.springframework.web.filter.OncePerRequestFilter.doFilter(OncePerRequestFilter.java:107) [spring-web-5.0.4.RELEASE.jar:5.0.4.RELEASE]
	at org.springframework.security.web.FilterChainProxy$VirtualFilterChain.doFilter(FilterChainProxy.java:334) [spring-security-web-5.0.3.RELEASE.jar:5.0.3.RELEASE]
	at org.springframework.security.web.context.SecurityContextPersistenceFilter.doFilter(SecurityContextPersistenceFilter.java:105) [spring-security-web-5.0.3.RELEASE.jar:5.0.3.RELEASE]
	at org.springframework.security.web.FilterChainProxy$VirtualFilterChain.doFilter(FilterChainProxy.java:334) [spring-security-web-5.0.3.RELEASE.jar:5.0.3.RELEASE]
	at org.springframework.security.web.context.request.async.WebAsyncManagerIntegrationFilter.doFilterInternal(WebAsyncManagerIntegrationFilter.java:56) [spring-security-web-5.0.3.RELEASE.jar:5.0.3.RELEASE]
	at org.springframework.web.filter.OncePerRequestFilter.doFilter(OncePerRequestFilter.java:107) [spring-web-5.0.4.RELEASE.jar:5.0.4.RELEASE]
	at org.springframework.security.web.FilterChainProxy$VirtualFilterChain.doFilter(FilterChainProxy.java:334) [spring-security-web-5.0.3.RELEASE.jar:5.0.3.RELEASE]
	at org.springframework.security.web.FilterChainProxy.doFilterInternal(FilterChainProxy.java:215) [spring-security-web-5.0.3.RELEASE.jar:5.0.3.RELEASE]
	at org.springframework.security.web.FilterChainProxy.doFilter(FilterChainProxy.java:178) [spring-security-web-5.0.3.RELEASE.jar:5.0.3.RELEASE]
	at org.springframework.web.filter.DelegatingFilterProxy.invokeDelegate(DelegatingFilterProxy.java:357) [spring-web-5.0.4.RELEASE.jar:5.0.4.RELEASE]
	at org.springframework.web.filter.DelegatingFilterProxy.doFilter(DelegatingFilterProxy.java:270) [spring-web-5.0.4.RELEASE.jar:5.0.4.RELEASE]
	at org.apache.catalina.core.ApplicationFilterChain.internalDoFilter(ApplicationFilterChain.java:193) [tomcat-embed-core-8.5.28.jar:8.5.28]
	at org.apache.catalina.core.ApplicationFilterChain.doFilter(ApplicationFilterChain.java:166) [tomcat-embed-core-8.5.28.jar:8.5.28]
	at org.springframework.web.filter.CharacterEncodingFilter.doFilterInternal(CharacterEncodingFilter.java:200) [spring-web-5.0.4.RELEASE.jar:5.0.4.RELEASE]
	at org.springframework.web.filter.OncePerRequestFilter.doFilter(OncePerRequestFilter.java:107) [spring-web-5.0.4.RELEASE.jar:5.0.4.RELEASE]
	at org.apache.catalina.core.ApplicationFilterChain.internalDoFilter(ApplicationFilterChain.java:193) [tomcat-embed-core-8.5.28.jar:8.5.28]
	at org.apache.catalina.core.ApplicationFilterChain.doFilter(ApplicationFilterChain.java:166) [tomcat-embed-core-8.5.28.jar:8.5.28]
	at org.apache.catalina.core.StandardWrapperValve.invoke(StandardWrapperValve.java:199) [tomcat-embed-core-8.5.28.jar:8.5.28]
	at org.apache.catalina.core.StandardContextValve.invoke(StandardContextValve.java:96) [tomcat-embed-core-8.5.28.jar:8.5.28]
	at org.apache.catalina.authenticator.AuthenticatorBase.invoke(AuthenticatorBase.java:496) [tomcat-embed-core-8.5.28.jar:8.5.28]
	at org.apache.catalina.core.StandardHostValve.invoke(StandardHostValve.java:140) [tomcat-embed-core-8.5.28.jar:8.5.28]
	at org.apache.catalina.valves.ErrorReportValve.invoke(ErrorReportValve.java:81) [tomcat-embed-core-8.5.28.jar:8.5.28]
	at org.apache.catalina.core.StandardEngineValve.invoke(StandardEngineValve.java:87) [tomcat-embed-core-8.5.28.jar:8.5.28]
	at org.apache.catalina.connector.CoyoteAdapter.service(CoyoteAdapter.java:342) [tomcat-embed-core-8.5.28.jar:8.5.28]
	at org.apache.coyote.http11.Http11Processor.service(Http11Processor.java:803) [tomcat-embed-core-8.5.28.jar:8.5.28]
	at org.apache.coyote.AbstractProcessorLight.process(AbstractProcessorLight.java:66) [tomcat-embed-core-8.5.28.jar:8.5.28]
	at org.apache.coyote.AbstractProtocol$ConnectionHandler.process(AbstractProtocol.java:790) [tomcat-embed-core-8.5.28.jar:8.5.28]
	at org.apache.tomcat.util.net.NioEndpoint$SocketProcessor.doRun(NioEndpoint.java:1459) [tomcat-embed-core-8.5.28.jar:8.5.28]
	at org.apache.tomcat.util.net.SocketProcessorBase.run(SocketProcessorBase.java:49) [tomcat-embed-core-8.5.28.jar:8.5.28]
	at java.util.concurrent.ThreadPoolExecutor.runWorker(ThreadPoolExecutor.java:1128) [?:?]
	at java.util.concurrent.ThreadPoolExecutor$Worker.run(ThreadPoolExecutor.java:628) [?:?]
	at org.apache.tomcat.util.threads.TaskThread$WrappingRunnable.run(TaskThread.java:61) [tomcat-embed-core-8.5.28.jar:8.5.28]
	at java.lang.Thread.run(Thread.java:835) [?:?]
Caused by: io.lettuce.core.RedisConnectionException: Unable to connect to localhost:6379
	at io.lettuce.core.RedisConnectionException.create(RedisConnectionException.java:56) ~[lettuce-core-5.0.2.RELEASE.jar:?]
	at io.lettuce.core.AbstractRedisClient.getConnection(AbstractRedisClient.java:233) ~[lettuce-core-5.0.2.RELEASE.jar:?]
	at io.lettuce.core.RedisClient.connectStandalone(RedisClient.java:253) ~[lettuce-core-5.0.2.RELEASE.jar:?]
	at io.lettuce.core.RedisClient.connect(RedisClient.java:202) ~[lettuce-core-5.0.2.RELEASE.jar:?]
	at org.springframework.data.redis.connection.lettuce.StandaloneConnectionProvider.getConnection(StandaloneConnectionProvider.java:56) ~[spring-data-redis-2.0.5.RELEASE.jar:2.0.5.RELEASE]
	at org.springframework.data.redis.connection.lettuce.LettucePoolingConnectionProvider.lambda$null$0(LettucePoolingConnectionProvider.java:74) ~[spring-data-redis-2.0.5.RELEASE.jar:2.0.5.RELEASE]
	at io.lettuce.core.support.ConnectionPoolSupport$RedisPooledObjectFactory.create(ConnectionPoolSupport.java:225) ~[lettuce-core-5.0.2.RELEASE.jar:?]
	at io.lettuce.core.support.ConnectionPoolSupport$RedisPooledObjectFactory.create(ConnectionPoolSupport.java:215) ~[lettuce-core-5.0.2.RELEASE.jar:?]
	at org.apache.commons.pool2.BasePooledObjectFactory.makeObject(BasePooledObjectFactory.java:57) ~[commons-pool2-2.0.jar:2.0]
	at org.apache.commons.pool2.impl.GenericObjectPool.create(GenericObjectPool.java:819) ~[commons-pool2-2.0.jar:2.0]
	at org.apache.commons.pool2.impl.GenericObjectPool.borrowObject(GenericObjectPool.java:429) ~[commons-pool2-2.0.jar:2.0]
	at org.apache.commons.pool2.impl.GenericObjectPool.borrowObject(GenericObjectPool.java:360) ~[commons-pool2-2.0.jar:2.0]
	at io.lettuce.core.support.ConnectionPoolSupport$1.borrowObject(ConnectionPoolSupport.java:124) ~[lettuce-core-5.0.2.RELEASE.jar:?]
	at io.lettuce.core.support.ConnectionPoolSupport$1.borrowObject(ConnectionPoolSupport.java:120) ~[lettuce-core-5.0.2.RELEASE.jar:?]
	at org.springframework.data.redis.connection.lettuce.LettucePoolingConnectionProvider.getConnection(LettucePoolingConnectionProvider.java:80) ~[spring-data-redis-2.0.5.RELEASE.jar:2.0.5.RELEASE]
	... 101 more
Caused by: io.netty.channel.AbstractChannel$AnnotatedConnectException: Connection refused: no further information: localhost/127.0.0.1:6379
	at sun.nio.ch.SocketChannelImpl.checkConnect(Native Method) ~[?:?]
	at sun.nio.ch.SocketChannelImpl.finishConnect(SocketChannelImpl.java:779) ~[?:?]
	at io.netty.channel.socket.nio.NioSocketChannel.doFinishConnect(NioSocketChannel.java:325) ~[netty-transport-4.1.22.Final.jar:4.1.22.Final]
	at io.netty.channel.nio.AbstractNioChannel$AbstractNioUnsafe.finishConnect(AbstractNioChannel.java:340) ~[netty-transport-4.1.22.Final.jar:4.1.22.Final]
	at io.netty.channel.nio.NioEventLoop.processSelectedKey(NioEventLoop.java:633) ~[netty-transport-4.1.22.Final.jar:4.1.22.Final]
	at io.netty.channel.nio.NioEventLoop.processSelectedKeysPlain(NioEventLoop.java:545) ~[netty-transport-4.1.22.Final.jar:4.1.22.Final]
	at io.netty.channel.nio.NioEventLoop.processSelectedKeys(NioEventLoop.java:499) ~[netty-transport-4.1.22.Final.jar:4.1.22.Final]
	at io.netty.channel.nio.NioEventLoop.run(NioEventLoop.java:459) ~[netty-transport-4.1.22.Final.jar:4.1.22.Final]
	at io.netty.util.concurrent.SingleThreadEventExecutor$5.run(SingleThreadEventExecutor.java:886) ~[netty-common-4.1.22.Final.jar:4.1.22.Final]
	at io.netty.util.concurrent.FastThreadLocalRunnable.run(FastThreadLocalRunnable.java:30) ~[netty-common-4.1.22.Final.jar:4.1.22.Final]
	... 1 more
Caused by: java.net.ConnectException: Connection refused: no further information
	at sun.nio.ch.SocketChannelImpl.checkConnect(Native Method) ~[?:?]
	at sun.nio.ch.SocketChannelImpl.finishConnect(SocketChannelImpl.java:779) ~[?:?]
	at io.netty.channel.socket.nio.NioSocketChannel.doFinishConnect(NioSocketChannel.java:325) ~[netty-transport-4.1.22.Final.jar:4.1.22.Final]
	at io.netty.channel.nio.AbstractNioChannel$AbstractNioUnsafe.finishConnect(AbstractNioChannel.java:340) ~[netty-transport-4.1.22.Final.jar:4.1.22.Final]
	at io.netty.channel.nio.NioEventLoop.processSelectedKey(NioEventLoop.java:633) ~[netty-transport-4.1.22.Final.jar:4.1.22.Final]
	at io.netty.channel.nio.NioEventLoop.processSelectedKeysPlain(NioEventLoop.java:545) ~[netty-transport-4.1.22.Final.jar:4.1.22.Final]
	at io.netty.channel.nio.NioEventLoop.processSelectedKeys(NioEventLoop.java:499) ~[netty-transport-4.1.22.Final.jar:4.1.22.Final]
	at io.netty.channel.nio.NioEventLoop.run(NioEventLoop.java:459) ~[netty-transport-4.1.22.Final.jar:4.1.22.Final]
	at io.netty.util.concurrent.SingleThreadEventExecutor$5.run(SingleThreadEventExecutor.java:886) ~[netty-common-4.1.22.Final.jar:4.1.22.Final]
	at io.netty.util.concurrent.FastThreadLocalRunnable.run(FastThreadLocalRunnable.java:30) ~[netty-common-4.1.22.Final.jar:4.1.22.Final]
	... 1 more
